2024-12-10 11:40:53 - knowledge_graph - INFO - START
2024-12-10 11:40:53 - knowledge_graph - WARNING - duPLICATE
2024-12-10 11:40:53 - knowledge_graph - ERROR - ERROR FOR DB
2024-12-10 11:41:31 - knowledge_graph - INFO - START
2024-12-10 11:41:31 - knowledge_graph - WARNING - duPLICATE
2024-12-10 11:41:31 - knowledge_graph - ERROR - ERROR FOR DB
2024-12-12 07:45:07 - knowledge_graph - ERROR - Error in main execution: name 'data' is not defined
2024-12-12 07:45:07 - knowledge_graph - ERROR - Error in main execution: name 'data' is not defined
2024-12-12 07:45:21 - knowledge_graph - INFO - load_parameters:    202412, abfss://datalake-dic@pdisajedidls002.dfs.core.windows.net/Gold/TBL_SALES_DETAILS/, 1, 3618
2024-12-12 07:45:21 - knowledge_graph - INFO - load_parameters:    202412, abfss://datalake-dic@pdisajedidls002.dfs.core.windows.net/Gold/TBL_SALES_DETAILS/, 1, 3618
2024-12-12 07:45:38 - knowledge_graph - INFO - target_file: ['abfss://datalake-dic@pdisajedidls002.dfs.core.windows.net/Gold/TBL_SALES_DETAILS//202411*/*'], cols: ['CUSTOMER_ID', 'SALES_YMD', 'SALES_HMS', 'REGISTER_NO', 'RECEIPT_NO', 'CAT_CD', 'SUB_CAT_CD', 'ITEM_CD_UNIQUE', 'SALES_AMT', 'SCHEDULE_PRICE', 'MASTER_PRICE', 'PRICE_DOWN_NUM', 'PRICE_DOWN_AMT', 'SALES_NUM', 'COUNTRY_CD'], comp_cd: 3618
2024-12-12 07:45:38 - knowledge_graph - INFO - target_file: ['abfss://datalake-dic@pdisajedidls002.dfs.core.windows.net/Gold/TBL_SALES_DETAILS//202411*/*'], cols: ['CUSTOMER_ID', 'SALES_YMD', 'SALES_HMS', 'REGISTER_NO', 'RECEIPT_NO', 'CAT_CD', 'SUB_CAT_CD', 'ITEM_CD_UNIQUE', 'SALES_AMT', 'SCHEDULE_PRICE', 'MASTER_PRICE', 'PRICE_DOWN_NUM', 'PRICE_DOWN_AMT', 'SALES_NUM', 'COUNTRY_CD'], comp_cd: 3618
2024-12-12 07:57:10 - knowledge_graph - INFO - load_parameters:    202412, abfss://datalake-dic@pdisajedidls002.dfs.core.windows.net/Gold/TBL_SALES_DETAILS/, 1, 3618
2024-12-12 07:57:10 - knowledge_graph - INFO - load_parameters:    202412, abfss://datalake-dic@pdisajedidls002.dfs.core.windows.net/Gold/TBL_SALES_DETAILS/, 1, 3618
2024-12-12 07:57:10 - knowledge_graph - INFO - load_parameters:    202412, abfss://datalake-dic@pdisajedidls002.dfs.core.windows.net/Gold/TBL_SALES_DETAILS/, 1, 3618
2024-12-12 07:57:20 - knowledge_graph - INFO - target_file: ['abfss://datalake-dic@pdisajedidls002.dfs.core.windows.net/Gold/TBL_SALES_DETAILS//202411*/*'], cols: ['CUSTOMER_ID', 'SALES_YMD', 'SALES_HMS', 'REGISTER_NO', 'RECEIPT_NO', 'CAT_CD', 'SUB_CAT_CD', 'ITEM_CD_UNIQUE', 'SALES_AMT', 'SCHEDULE_PRICE', 'MASTER_PRICE', 'PRICE_DOWN_NUM', 'PRICE_DOWN_AMT', 'SALES_NUM', 'COUNTRY_CD'], comp_cd: 3618
2024-12-12 07:57:20 - knowledge_graph - INFO - target_file: ['abfss://datalake-dic@pdisajedidls002.dfs.core.windows.net/Gold/TBL_SALES_DETAILS//202411*/*'], cols: ['CUSTOMER_ID', 'SALES_YMD', 'SALES_HMS', 'REGISTER_NO', 'RECEIPT_NO', 'CAT_CD', 'SUB_CAT_CD', 'ITEM_CD_UNIQUE', 'SALES_AMT', 'SCHEDULE_PRICE', 'MASTER_PRICE', 'PRICE_DOWN_NUM', 'PRICE_DOWN_AMT', 'SALES_NUM', 'COUNTRY_CD'], comp_cd: 3618
2024-12-12 07:57:20 - knowledge_graph - INFO - target_file: ['abfss://datalake-dic@pdisajedidls002.dfs.core.windows.net/Gold/TBL_SALES_DETAILS//202411*/*'], cols: ['CUSTOMER_ID', 'SALES_YMD', 'SALES_HMS', 'REGISTER_NO', 'RECEIPT_NO', 'CAT_CD', 'SUB_CAT_CD', 'ITEM_CD_UNIQUE', 'SALES_AMT', 'SCHEDULE_PRICE', 'MASTER_PRICE', 'PRICE_DOWN_NUM', 'PRICE_DOWN_AMT', 'SALES_NUM', 'COUNTRY_CD'], comp_cd: 3618
2024-12-12 07:57:46 - knowledge_graph - ERROR - Error in main execution: 'Config' object has no attribute 'node_fp'
2024-12-12 07:57:46 - knowledge_graph - ERROR - Error in main execution: 'Config' object has no attribute 'node_fp'
2024-12-12 07:57:46 - knowledge_graph - ERROR - Error in main execution: 'Config' object has no attribute 'node_fp'
2024-12-12 07:58:16 - knowledge_graph - INFO - load_parameters:    202412, abfss://datalake-dic@pdisajedidls002.dfs.core.windows.net/Gold/TBL_SALES_DETAILS/, 1, 3618
2024-12-12 07:58:16 - knowledge_graph - INFO - load_parameters:    202412, abfss://datalake-dic@pdisajedidls002.dfs.core.windows.net/Gold/TBL_SALES_DETAILS/, 1, 3618
2024-12-12 07:58:16 - knowledge_graph - INFO - load_parameters:    202412, abfss://datalake-dic@pdisajedidls002.dfs.core.windows.net/Gold/TBL_SALES_DETAILS/, 1, 3618
2024-12-12 07:58:16 - knowledge_graph - INFO - load_parameters:    202412, abfss://datalake-dic@pdisajedidls002.dfs.core.windows.net/Gold/TBL_SALES_DETAILS/, 1, 3618
2024-12-12 07:58:22 - knowledge_graph - INFO - target_file: ['abfss://datalake-dic@pdisajedidls002.dfs.core.windows.net/Gold/TBL_SALES_DETAILS//202411*/*'], cols: ['CUSTOMER_ID', 'SALES_YMD', 'SALES_HMS', 'REGISTER_NO', 'RECEIPT_NO', 'CAT_CD', 'SUB_CAT_CD', 'ITEM_CD_UNIQUE', 'SALES_AMT', 'SCHEDULE_PRICE', 'MASTER_PRICE', 'PRICE_DOWN_NUM', 'PRICE_DOWN_AMT', 'SALES_NUM', 'COUNTRY_CD'], comp_cd: 3618
2024-12-12 07:58:22 - knowledge_graph - INFO - target_file: ['abfss://datalake-dic@pdisajedidls002.dfs.core.windows.net/Gold/TBL_SALES_DETAILS//202411*/*'], cols: ['CUSTOMER_ID', 'SALES_YMD', 'SALES_HMS', 'REGISTER_NO', 'RECEIPT_NO', 'CAT_CD', 'SUB_CAT_CD', 'ITEM_CD_UNIQUE', 'SALES_AMT', 'SCHEDULE_PRICE', 'MASTER_PRICE', 'PRICE_DOWN_NUM', 'PRICE_DOWN_AMT', 'SALES_NUM', 'COUNTRY_CD'], comp_cd: 3618
2024-12-12 07:58:22 - knowledge_graph - INFO - target_file: ['abfss://datalake-dic@pdisajedidls002.dfs.core.windows.net/Gold/TBL_SALES_DETAILS//202411*/*'], cols: ['CUSTOMER_ID', 'SALES_YMD', 'SALES_HMS', 'REGISTER_NO', 'RECEIPT_NO', 'CAT_CD', 'SUB_CAT_CD', 'ITEM_CD_UNIQUE', 'SALES_AMT', 'SCHEDULE_PRICE', 'MASTER_PRICE', 'PRICE_DOWN_NUM', 'PRICE_DOWN_AMT', 'SALES_NUM', 'COUNTRY_CD'], comp_cd: 3618
2024-12-12 07:58:22 - knowledge_graph - INFO - target_file: ['abfss://datalake-dic@pdisajedidls002.dfs.core.windows.net/Gold/TBL_SALES_DETAILS//202411*/*'], cols: ['CUSTOMER_ID', 'SALES_YMD', 'SALES_HMS', 'REGISTER_NO', 'RECEIPT_NO', 'CAT_CD', 'SUB_CAT_CD', 'ITEM_CD_UNIQUE', 'SALES_AMT', 'SCHEDULE_PRICE', 'MASTER_PRICE', 'PRICE_DOWN_NUM', 'PRICE_DOWN_AMT', 'SALES_NUM', 'COUNTRY_CD'], comp_cd: 3618
2024-12-13 16:35:41 - knowledge_graph - INFO - Start importing knowledge graph
2024-12-13 16:35:41 - knowledge_graph - INFO - End importing knowledge graph
2024-12-13 16:39:38 - knowledge_graph - INFO - Start importing knowledge graph
2024-12-13 16:39:45 - knowledge_graph - INFO - End importing knowledge graph
2024-12-16 10:33:18 - knowledge_graph - INFO - Start importing knowledge graph
2024-12-16 10:35:41 - knowledge_graph - INFO - Start importing knowledge graph
2024-12-16 10:35:41 - knowledge_graph - ERROR - Error during import: 目录不存在: ./data/persons.json
2024-12-16 10:36:55 - knowledge_graph - INFO - Start importing knowledge graph
2024-12-16 10:36:55 - knowledge_graph - ERROR - Error during import: 目录不存在: ./data/persons.json
2024-12-16 10:37:13 - knowledge_graph - INFO - Start importing knowledge graph
2024-12-16 10:37:13 - knowledge_graph - ERROR - Error during import: 目录不存在: ./data/persons.json
2024-12-16 10:38:08 - knowledge_graph - INFO - Start importing knowledge graph
2024-12-16 10:41:10 - knowledge_graph - INFO - Start importing knowledge graph
2024-12-16 10:41:10 - knowledge_graph - ERROR - Error during import: Extra data: line 2 column 1 (char 363)
2024-12-16 11:24:35 - knowledge_graph - INFO - Start importing knowledge graph
2024-12-16 11:24:35 - knowledge_graph - ERROR - Error during import: Extra data: line 2 column 1 (char 363)
2024-12-16 11:29:39 - knowledge_graph - INFO - Start importing knowledge graph
2024-12-16 11:30:12 - knowledge_graph - ERROR - Error during import: [Errno 21] Is a directory: '/home/gaosi/knowleadge_graph/data/node/products.json'
2024-12-16 11:41:04 - knowledge_graph - INFO - Start importing knowledge graph
